<?xml version="1.0" encoding="UTF-8"?>
<testsuite name="com.app.astart.AstartApplicationTests" tests="1" skipped="0" failures="0" errors="0" timestamp="2023-03-03T20:36:34" hostname="home" time="0.16">
  <properties/>
  <testcase name="contextLoads()" classname="com.app.astart.AstartApplicationTests" time="0.16"/>
  <system-out><![CDATA[15:36:29.256 [Test worker] DEBUG org.springframework.test.context.BootstrapUtils - Instantiating CacheAwareContextLoaderDelegate from class [org.springframework.test.context.cache.DefaultCacheAwareContextLoaderDelegate]
15:36:29.268 [Test worker] DEBUG org.springframework.test.context.BootstrapUtils - Instantiating BootstrapContext using constructor [public org.springframework.test.context.support.DefaultBootstrapContext(java.lang.Class,org.springframework.test.context.CacheAwareContextLoaderDelegate)]
15:36:29.313 [Test worker] DEBUG org.springframework.test.context.BootstrapUtils - Instantiating TestContextBootstrapper for test class [com.app.astart.AstartApplicationTests] from class [org.springframework.boot.test.context.SpringBootTestContextBootstrapper]
15:36:29.327 [Test worker] INFO org.springframework.boot.test.context.SpringBootTestContextBootstrapper - Neither @ContextConfiguration nor @ContextHierarchy found for test class [com.app.astart.AstartApplicationTests], using SpringBootContextLoader
15:36:29.331 [Test worker] DEBUG org.springframework.test.context.support.AbstractContextLoader - Did not detect default resource location for test class [com.app.astart.AstartApplicationTests]: class path resource [com/app/astart/AstartApplicationTests-context.xml] does not exist
15:36:29.332 [Test worker] DEBUG org.springframework.test.context.support.AbstractContextLoader - Did not detect default resource location for test class [com.app.astart.AstartApplicationTests]: class path resource [com/app/astart/AstartApplicationTestsContext.groovy] does not exist
15:36:29.333 [Test worker] INFO org.springframework.test.context.support.AbstractContextLoader - Could not detect default resource locations for test class [com.app.astart.AstartApplicationTests]: no resource found for suffixes {-context.xml, Context.groovy}.
15:36:29.334 [Test worker] INFO org.springframework.test.context.support.AnnotationConfigContextLoaderUtils - Could not detect default configuration classes for test class [com.app.astart.AstartApplicationTests]: AstartApplicationTests does not declare any static, non-private, non-final, nested classes annotated with @Configuration.
15:36:29.383 [Test worker] DEBUG org.springframework.test.context.support.ActiveProfilesUtils - Could not find an 'annotation declaring class' for annotation type [org.springframework.test.context.ActiveProfiles] and class [com.app.astart.AstartApplicationTests]
15:36:29.442 [Test worker] DEBUG org.springframework.context.annotation.ClassPathScanningCandidateComponentProvider - Identified candidate component class: file [/home/diarchila/Desktop/Platzi-Conceptos/SpringBoot/astart/build/classes/java/main/com/app/astart/AstartApplication.class]
15:36:29.443 [Test worker] INFO org.springframework.boot.test.context.SpringBootTestContextBootstrapper - Found @SpringBootConfiguration com.app.astart.AstartApplication for test class com.app.astart.AstartApplicationTests
15:36:29.561 [Test worker] DEBUG org.springframework.boot.test.context.SpringBootTestContextBootstrapper - @TestExecutionListeners is not present for class [com.app.astart.AstartApplicationTests]: using defaults.
15:36:29.562 [Test worker] INFO org.springframework.boot.test.context.SpringBootTestContextBootstrapper - Loaded default TestExecutionListener class names from location [META-INF/spring.factories]: [org.springframework.boot.test.autoconfigure.restdocs.RestDocsTestExecutionListener, org.springframework.boot.test.autoconfigure.web.client.MockRestServiceServerResetTestExecutionListener, org.springframework.boot.test.autoconfigure.web.servlet.MockMvcPrintOnlyOnFailureTestExecutionListener, org.springframework.boot.test.autoconfigure.web.servlet.WebDriverTestExecutionListener, org.springframework.boot.test.autoconfigure.webservices.client.MockWebServiceServerTestExecutionListener, org.springframework.boot.test.mock.mockito.MockitoTestExecutionListener, org.springframework.boot.test.mock.mockito.ResetMocksTestExecutionListener, org.springframework.test.context.web.ServletTestExecutionListener, org.springframework.test.context.support.DirtiesContextBeforeModesTestExecutionListener, org.springframework.test.context.event.ApplicationEventsTestExecutionListener, org.springframework.test.context.support.DependencyInjectionTestExecutionListener, org.springframework.test.context.support.DirtiesContextTestExecutionListener, org.springframework.test.context.transaction.TransactionalTestExecutionListener, org.springframework.test.context.jdbc.SqlScriptsTestExecutionListener, org.springframework.test.context.event.EventPublishingTestExecutionListener]
15:36:29.581 [Test worker] INFO org.springframework.boot.test.context.SpringBootTestContextBootstrapper - Using TestExecutionListeners: [org.springframework.test.context.web.ServletTestExecutionListener@7a791b66, org.springframework.test.context.support.DirtiesContextBeforeModesTestExecutionListener@6f2cb653, org.springframework.test.context.event.ApplicationEventsTestExecutionListener@14c01636, org.springframework.boot.test.mock.mockito.MockitoTestExecutionListener@590c73d3, org.springframework.boot.test.autoconfigure.SpringBootDependencyInjectionTestExecutionListener@6b9ce1bf, org.springframework.test.context.support.DirtiesContextTestExecutionListener@61884cb1, org.springframework.test.context.transaction.TransactionalTestExecutionListener@75ed9710, org.springframework.test.context.jdbc.SqlScriptsTestExecutionListener@4fc5e095, org.springframework.test.context.event.EventPublishingTestExecutionListener@435871cb, org.springframework.boot.test.autoconfigure.restdocs.RestDocsTestExecutionListener@609640d5, org.springframework.boot.test.autoconfigure.web.client.MockRestServiceServerResetTestExecutionListener@79da1ec0, org.springframework.boot.test.autoconfigure.web.servlet.MockMvcPrintOnlyOnFailureTestExecutionListener@19fb8826, org.springframework.boot.test.autoconfigure.web.servlet.WebDriverTestExecutionListener@192d74fb, org.springframework.boot.test.autoconfigure.webservices.client.MockWebServiceServerTestExecutionListener@4bef0fe3, org.springframework.boot.test.mock.mockito.ResetMocksTestExecutionListener@62ea3440]
15:36:29.586 [Test worker] DEBUG org.springframework.test.context.support.AbstractDirtiesContextTestExecutionListener - Before test class: context [DefaultTestContext@3b956878 testClass = AstartApplicationTests, testInstance = [null], testMethod = [null], testException = [null], mergedContextConfiguration = [WebMergedContextConfiguration@36546a22 testClass = AstartApplicationTests, locations = '{}', classes = '{class com.app.astart.AstartApplication}', contextInitializerClasses = '[]', activeProfiles = '{}', propertySourceLocations = '{}', propertySourceProperties = '{org.springframework.boot.test.context.SpringBootTestContextBootstrapper=true}', contextCustomizers = set[org.springframework.boot.test.autoconfigure.actuate.metrics.MetricsExportContextCustomizerFactory$DisableMetricExportContextCustomizer@36a5cabc, org.springframework.boot.test.autoconfigure.properties.PropertyMappingContextCustomizer@0, org.springframework.boot.test.autoconfigure.web.servlet.WebDriverContextCustomizerFactory$Customizer@4ff8d125, org.springframework.boot.test.context.filter.ExcludeFilterContextCustomizer@327bcebd, org.springframework.boot.test.json.DuplicateJsonObjectContextCustomizerFactory$DuplicateJsonObjectContextCustomizer@54504ecd, org.springframework.boot.test.mock.mockito.MockitoContextCustomizer@0, org.springframework.boot.test.web.client.TestRestTemplateContextCustomizer@51fadaff, org.springframework.boot.test.context.SpringBootTestArgs@1, org.springframework.boot.test.context.SpringBootTestWebEnvironment@623a8092], resourceBasePath = 'src/main/webapp', contextLoader = 'org.springframework.boot.test.context.SpringBootContextLoader', parent = [null]], attributes = map['org.springframework.test.context.web.ServletTestExecutionListener.activateListener' -> true]], class annotated with @DirtiesContext [false] with mode [null].
15:36:29.625 [Test worker] DEBUG org.springframework.test.context.support.TestPropertySourceUtils - Adding inlined properties to environment: {spring.jmx.enabled=false, org.springframework.boot.test.context.SpringBootTestContextBootstrapper=true}

  .   ____          _            __ _ _
 /\\ / ___'_ __ _ _(_)_ __  __ _ \ \ \ \
( ( )\___ | '_ | '_| | '_ \/ _` | \ \ \ \
 \\/  ___)| |_)| | | | | || (_| |  ) ) ) )
  '  |____| .__|_| |_|_| |_\__, | / / / /
 =========|_|==============|___/=/_/_/_/
 :: Spring Boot ::                (v2.5.5)

2023-03-03 15:36:29.903  INFO 36763 --- [    Test worker] com.app.astart.AstartApplicationTests    : Starting AstartApplicationTests using Java 17.0.5 on home with PID 36763 (started by diarchila in /home/diarchila/Desktop/Platzi-Conceptos/SpringBoot/astart)
2023-03-03 15:36:29.904  INFO 36763 --- [    Test worker] com.app.astart.AstartApplicationTests    : The following profiles are active: dev
2023-03-03 15:36:30.728  INFO 36763 --- [    Test worker] .s.d.r.c.RepositoryConfigurationDelegate : Bootstrapping Spring Data JPA repositories in DEFAULT mode.
2023-03-03 15:36:30.788  INFO 36763 --- [    Test worker] .s.d.r.c.RepositoryConfigurationDelegate : Finished Spring Data repository scanning in 49 ms. Found 2 JPA repository interfaces.
2023-03-03 15:36:31.317  INFO 36763 --- [    Test worker] com.zaxxer.hikari.HikariDataSource       : HikariPool-1 - Starting...
2023-03-03 15:36:31.564  INFO 36763 --- [    Test worker] com.zaxxer.hikari.HikariDataSource       : HikariPool-1 - Start completed.
2023-03-03 15:36:31.626  INFO 36763 --- [    Test worker] o.hibernate.jpa.internal.util.LogHelper  : HHH000204: Processing PersistenceUnitInfo [name: default]
2023-03-03 15:36:31.685  INFO 36763 --- [    Test worker] org.hibernate.Version                    : HHH000412: Hibernate ORM core version 5.4.32.Final
2023-03-03 15:36:31.882  INFO 36763 --- [    Test worker] o.hibernate.annotations.common.Version   : HCANN000001: Hibernate Commons Annotations {5.1.2.Final}
2023-03-03 15:36:31.982  INFO 36763 --- [    Test worker] org.hibernate.dialect.Dialect            : HHH000400: Using dialect: org.hibernate.dialect.PostgreSQL10Dialect
2023-03-03 15:36:32.272  WARN 36763 --- [    Test worker] org.hibernate.mapping.RootClass          : HHH000038: Composite-id class does not override equals(): com.app.astart.persistence.entity.ComprasProductoPK
2023-03-03 15:36:32.273  WARN 36763 --- [    Test worker] org.hibernate.mapping.RootClass          : HHH000039: Composite-id class does not override hashCode(): com.app.astart.persistence.entity.ComprasProductoPK
2023-03-03 15:36:32.573  INFO 36763 --- [    Test worker] o.h.e.t.j.p.i.JtaPlatformInitiator       : HHH000490: Using JtaPlatform implementation: [org.hibernate.engine.transaction.jta.platform.internal.NoJtaPlatform]
2023-03-03 15:36:32.580  INFO 36763 --- [    Test worker] j.LocalContainerEntityManagerFactoryBean : Initialized JPA EntityManagerFactory for persistence unit 'default'
2023-03-03 15:36:33.006  WARN 36763 --- [    Test worker] JpaBaseConfiguration$JpaWebConfiguration : spring.jpa.open-in-view is enabled by default. Therefore, database queries may be performed during view rendering. Explicitly configure spring.jpa.open-in-view to disable this warning
2023-03-03 15:36:33.518  INFO 36763 --- [    Test worker] pertySourcedRequestMappingHandlerMapping : Mapped URL path [/v2/api-docs] onto method [springfox.documentation.swagger2.web.Swagger2Controller#getDocumentation(String, HttpServletRequest)]
2023-03-03 15:36:33.705  INFO 36763 --- [    Test worker] o.s.s.web.DefaultSecurityFilterChain     : Will secure any request with [org.springframework.security.web.context.request.async.WebAsyncManagerIntegrationFilter@60ae950f, org.springframework.security.web.context.SecurityContextPersistenceFilter@5b8ba1d2, org.springframework.security.web.header.HeaderWriterFilter@51e14cb6, org.springframework.security.web.authentication.logout.LogoutFilter@4884350b, com.app.astart.web.security.filter.JwtFilterRequest@16a15261, org.springframework.security.web.savedrequest.RequestCacheAwareFilter@3f0751b0, org.springframework.security.web.servletapi.SecurityContextHolderAwareRequestFilter@77feca04, org.springframework.security.web.authentication.AnonymousAuthenticationFilter@321302bc, org.springframework.security.web.session.SessionManagementFilter@64641998, org.springframework.security.web.access.ExceptionTranslationFilter@7db63a01, org.springframework.security.web.access.intercept.FilterSecurityInterceptor@3b44ed3c]
2023-03-03 15:36:34.227  INFO 36763 --- [    Test worker] d.s.w.p.DocumentationPluginsBootstrapper : Context refreshed
2023-03-03 15:36:34.245  INFO 36763 --- [    Test worker] d.s.w.p.DocumentationPluginsBootstrapper : Found 1 custom documentation plugin(s)
2023-03-03 15:36:34.265  INFO 36763 --- [    Test worker] s.d.s.w.s.ApiListingReferenceScanner     : Scanning for api listing references
2023-03-03 15:36:34.380  INFO 36763 --- [    Test worker] .d.s.w.r.o.CachingOperationNameGenerator : Generating unique operation named: getAllUsingGET_1
2023-03-03 15:36:34.397  INFO 36763 --- [    Test worker] com.app.astart.AstartApplicationTests    : Started AstartApplicationTests in 4.764 seconds (JVM running for 6.003)
]]></system-out>
  <system-err><![CDATA[]]></system-err>
</testsuite>
